
2025/05/02 (21:04:22) | ===> btop++ v.1.4.0
2025/05/02 (21:04:22) | WARNING: Intel GPU: Failed to initialize PMU

2025/05/02 (21:19:35) | ===> btop++ v.1.4.0
2025/05/02 (21:19:35) | WARNING: Intel GPU: Failed to initialize PMU
2025/05/02 (21:20:38) | INFO: Logger set to INFO
2025/05/02 (21:20:38) | INFO: Logger set to DEBUG

2025/05/03 (09:36:35) | ===> btop++ v.1.4.0
2025/05/03 (09:36:35) | WARNING: Intel GPU: Failed to initialize PMU

2025/05/03 (10:47:38) | ===> btop++ v.1.4.0
2025/05/03 (10:47:38) | WARNING: Intel GPU: Failed to initialize PMU

2025/05/03 (18:52:00) | ===> btop++ v.1.4.0
2025/05/03 (18:52:00) | WARNING: Intel GPU: Failed to initialize PMU

2025/05/04 (19:56:54) | ===> btop++ v.1.4.0
2025/05/04 (19:56:54) | WARNING: Intel GPU: Failed to initialize PMU

2025/05/04 (21:13:16) | ===> btop++ v.1.4.0
2025/05/04 (21:13:16) | WARNING: Intel GPU: Failed to initialize PMU

2025/05/05 (09:56:04) | ===> btop++ v.1.4.0
2025/05/05 (09:56:04) | WARNING: Intel GPU: Failed to initialize PMU

2025/05/05 (13:19:48) | ===> btop++ v.1.4.0
2025/05/05 (13:19:48) | WARNING: Intel GPU: Failed to initialize PMU

2025/05/05 (15:53:21) | ===> btop++ v.1.4.0
2025/05/05 (15:53:21) | WARNING: Intel GPU: Failed to initialize PMU
2025/05/05 (15:54:34) | ERROR: Exception during Config::unlock() : unordered_map::at

2025/05/05 (15:54:37) | ===> btop++ v.1.4.0
2025/05/05 (15:54:37) | WARNING: Intel GPU: Failed to initialize PMU

2025/05/05 (16:25:36) | ===> btop++ v.1.4.0
2025/05/05 (16:25:36) | WARNING: Intel GPU: Failed to initialize PMU

2025/05/07 (19:01:19) | ===> btop++ v.1.4.0
2025/05/07 (19:01:19) | WARNING: Intel GPU: Failed to initialize PMU

2025/05/10 (16:54:46) | ===> btop++ v.1.4.0
2025/05/10 (16:54:46) | WARNING: Intel GPU: Failed to initialize PMU

2025/05/10 (17:40:55) | ===> btop++ v.1.4.0
2025/05/10 (17:40:55) | WARNING: Intel GPU: Failed to initialize PMU

2025/05/10 (21:15:08) | ===> btop++ v.1.4.0
2025/05/10 (21:15:08) | WARNING: Intel GPU: Failed to initialize PMU

2025/05/10 (21:26:54) | ===> btop++ v.1.4.0
2025/05/10 (21:26:54) | WARNING: Intel GPU: Failed to initialize PMU

2025/05/11 (10:29:04) | ===> btop++ v.1.4.0
2025/05/11 (10:29:04) | WARNING: Intel GPU: Failed to initialize PMU

2025/05/11 (10:46:55) | ===> btop++ v.1.4.0
2025/05/11 (10:46:55) | WARNING: Intel GPU: Failed to initialize PMU

2025/05/11 (12:29:04) | ===> btop++ v.1.4.0
2025/05/11 (12:29:04) | WARNING: Intel GPU: Failed to initialize PMU

2025/05/12 (19:25:23) | ===> btop++ v.1.4.0
2025/05/12 (19:25:23) | WARNING: Intel GPU: Failed to initialize PMU

2025/05/12 (19:26:02) | ===> btop++ v.1.4.0
2025/05/12 (19:26:02) | WARNING: Intel GPU: Failed to initialize PMU

2025/05/12 (19:31:56) | ===> btop++ v.1.4.0
2025/05/12 (19:31:56) | WARNING: Intel GPU: Failed to initialize PMU

2025/05/12 (21:03:39) | ===> btop++ v.1.4.0
2025/05/12 (21:03:39) | WARNING: Intel GPU: Failed to initialize PMU

2025/05/12 (21:04:21) | ===> btop++ v.1.4.0
2025/05/12 (21:04:21) | WARNING: Intel GPU: Failed to initialize PMU

2025/05/13 (08:09:51) | ===> btop++ v.1.4.0
2025/05/13 (08:09:51) | WARNING: Intel GPU: Failed to initialize PMU

2025/05/13 (11:10:01) | ===> btop++ v.1.4.0
2025/05/13 (11:10:01) | WARNING: Intel GPU: Failed to initialize PMU

2025/05/13 (19:51:57) | ===> btop++ v.1.4.0
2025/05/13 (19:51:57) | WARNING: Intel GPU: Failed to initialize PMU

2025/05/13 (21:06:09) | ===> btop++ v.1.4.0
2025/05/13 (21:06:09) | WARNING: Intel GPU: Failed to initialize PMU

2025/05/13 (21:24:32) | ===> btop++ v.1.4.0
2025/05/13 (21:24:32) | WARNING: Intel GPU: Failed to initialize PMU

2025/05/13 (21:51:15) | ===> btop++ v.1.4.0
2025/05/13 (21:51:15) | WARNING: Intel GPU: Failed to initialize PMU

2025/05/14 (08:23:44) | ===> btop++ v.1.4.0
2025/05/14 (08:23:44) | WARNING: Intel GPU: Failed to initialize PMU

2025/05/14 (12:04:56) | ===> btop++ v.1.4.0
2025/05/14 (12:04:56) | WARNING: Intel GPU: Failed to initialize PMU

2025/05/14 (12:23:27) | ===> btop++ v.1.4.0
2025/05/14 (12:23:27) | WARNING: Intel GPU: Failed to initialize PMU

2025/05/14 (12:27:12) | ===> btop++ v.1.4.0
2025/05/14 (12:27:12) | WARNING: Intel GPU: Failed to initialize PMU

2025/05/14 (12:28:22) | ===> btop++ v.1.4.0
2025/05/14 (12:28:22) | WARNING: Intel GPU: Failed to initialize PMU

2025/05/14 (12:30:39) | ===> btop++ v.1.4.0
2025/05/14 (12:30:39) | WARNING: Intel GPU: Failed to initialize PMU

2025/05/14 (15:15:57) | ===> btop++ v.1.4.0
2025/05/14 (15:15:57) | WARNING: Intel GPU: Failed to initialize PMU

2025/05/14 (15:17:18) | ===> btop++ v.1.4.0
2025/05/14 (15:17:18) | WARNING: Intel GPU: Failed to initialize PMU

2025/05/14 (15:18:25) | ===> btop++ v.1.4.0
2025/05/14 (15:18:25) | WARNING: Intel GPU: Failed to initialize PMU

2025/05/14 (20:22:19) | ===> btop++ v.1.4.0
2025/05/14 (20:22:19) | WARNING: Intel GPU: Failed to initialize PMU

2025/05/14 (20:35:18) | ===> btop++ v.1.4.0
2025/05/14 (20:35:18) | WARNING: Intel GPU: Failed to initialize PMU

2025/05/15 (17:36:32) | ===> btop++ v.1.4.0
2025/05/15 (17:36:32) | WARNING: Intel GPU: Failed to initialize PMU

2025/05/16 (09:02:03) | ===> btop++ v.1.4.0
2025/05/16 (09:02:03) | WARNING: Intel GPU: Failed to initialize PMU

2025/05/16 (09:02:05) | ===> btop++ v.1.4.0
2025/05/16 (09:02:05) | WARNING: Intel GPU: Failed to initialize PMU

2025/05/16 (09:02:10) | ===> btop++ v.1.4.0
2025/05/16 (09:02:10) | WARNING: Intel GPU: Failed to initialize PMU

2025/05/16 (11:55:43) | ===> btop++ v.1.4.0
2025/05/16 (11:55:43) | WARNING: Intel GPU: Failed to initialize PMU

2025/05/16 (12:13:13) | ===> btop++ v.1.4.0
2025/05/16 (12:13:13) | WARNING: Intel GPU: Failed to initialize PMU

2025/05/16 (13:48:15) | ===> btop++ v.1.4.0
2025/05/16 (13:48:15) | WARNING: Intel GPU: Failed to initialize PMU

2025/05/16 (16:28:26) | ===> btop++ v.1.4.0
2025/05/16 (16:28:26) | WARNING: Intel GPU: Failed to initialize PMU

2025/05/16 (16:28:28) | ===> btop++ v.1.4.0
2025/05/16 (16:28:28) | WARNING: Intel GPU: Failed to initialize PMU

2025/05/16 (16:35:21) | ===> btop++ v.1.4.0
2025/05/16 (16:35:21) | WARNING: Intel GPU: Failed to initialize PMU

2025/05/16 (16:35:28) | ===> btop++ v.1.4.0
2025/05/16 (16:35:28) | WARNING: Intel GPU: Failed to initialize PMU

2025/05/16 (16:35:36) | ===> btop++ v.1.4.0
2025/05/16 (16:35:36) | WARNING: Intel GPU: Failed to initialize PMU

2025/05/16 (20:48:14) | ===> btop++ v.1.4.0
2025/05/16 (20:48:14) | WARNING: Intel GPU: Failed to initialize PMU
2025/05/16 (20:48:15) | ERROR: Couldn't determine terminal size of "STDOUT_FILENO"!
2025/05/16 (20:48:15) | ERROR: Couldn't determine terminal size of "/dev/tty"!

2025/05/17 (19:49:33) | ===> btop++ v.1.4.0
2025/05/17 (19:49:33) | WARNING: Intel GPU: Failed to initialize PMU

2025/05/18 (15:59:27) | ===> btop++ v.1.4.0
2025/05/18 (15:59:27) | WARNING: Intel GPU: Failed to initialize PMU

2025/05/19 (15:49:37) | ===> btop++ v.1.4.0
2025/05/19 (15:49:37) | WARNING: Intel GPU: Failed to initialize PMU

2025/05/19 (17:23:35) | ===> btop++ v.1.4.0
2025/05/19 (17:23:35) | WARNING: Intel GPU: Failed to initialize PMU

2025/05/20 (19:32:22) | ===> btop++ v.1.4.0
2025/05/20 (19:32:22) | WARNING: Intel GPU: Failed to initialize PMU

2025/05/20 (19:32:24) | ===> btop++ v.1.4.0
2025/05/20 (19:32:24) | WARNING: Intel GPU: Failed to initialize PMU

2025/05/23 (17:38:40) | ===> btop++ v.1.4.0
2025/05/23 (17:38:40) | WARNING: Intel GPU: Failed to initialize PMU

2025/05/23 (17:55:39) | ===> btop++ v.1.4.0
2025/05/23 (17:55:39) | WARNING: Intel GPU: Failed to initialize PMU

2025/05/23 (22:03:29) | ===> btop++ v.1.4.0
2025/05/23 (22:03:29) | WARNING: Intel GPU: Failed to initialize PMU

2025/05/24 (12:07:48) | ===> btop++ v.1.4.0
2025/05/24 (12:07:48) | WARNING: Intel GPU: Failed to initialize PMU

2025/05/25 (09:55:14) | ===> btop++ v.1.4.0
2025/05/25 (09:55:14) | WARNING: Intel GPU: Failed to initialize PMU

2025/05/25 (13:23:51) | ===> btop++ v.1.4.0
2025/05/25 (13:23:51) | WARNING: Intel GPU: Failed to initialize PMU

2025/05/25 (13:23:54) | ===> btop++ v.1.4.0
2025/05/25 (13:23:54) | WARNING: Intel GPU: Failed to initialize PMU

2025/05/25 (13:23:56) | ===> btop++ v.1.4.0
2025/05/25 (13:23:56) | WARNING: Intel GPU: Failed to initialize PMU

2025/05/25 (14:37:47) | ===> btop++ v.1.4.0
2025/05/25 (14:37:47) | WARNING: Intel GPU: Failed to initialize PMU

2025/05/26 (19:57:04) | ===> btop++ v.1.4.0
2025/05/26 (19:57:04) | WARNING: Intel GPU: Failed to initialize PMU

2025/05/27 (13:28:30) | ===> btop++ v.1.4.0
2025/05/27 (13:28:30) | WARNING: Intel GPU: Failed to initialize PMU

2025/05/27 (15:24:55) | ===> btop++ v.1.4.0
2025/05/27 (15:24:55) | WARNING: Intel GPU: Failed to initialize PMU

2025/05/27 (20:39:27) | ===> btop++ v.1.4.0
2025/05/27 (20:39:27) | WARNING: Intel GPU: Failed to initialize PMU

2025/05/28 (17:07:48) | ===> btop++ v.1.4.0
2025/05/28 (17:07:48) | WARNING: Intel GPU: Failed to initialize PMU

2025/05/28 (17:08:48) | ===> btop++ v.1.4.0
2025/05/28 (17:08:48) | WARNING: Intel GPU: Failed to initialize PMU

2025/05/28 (17:08:49) | ===> btop++ v.1.4.0
2025/05/28 (17:08:49) | WARNING: Intel GPU: Failed to initialize PMU

2025/05/28 (17:17:21) | ===> btop++ v.1.4.0
2025/05/28 (17:17:21) | WARNING: Intel GPU: Failed to initialize PMU

2025/05/28 (17:27:28) | ===> btop++ v.1.4.0
2025/05/28 (17:27:28) | WARNING: Intel GPU: Failed to initialize PMU

2025/05/28 (20:00:04) | ===> btop++ v.1.4.0
2025/05/28 (20:00:04) | WARNING: Intel GPU: Failed to initialize PMU

2025/05/28 (20:00:21) | ===> btop++ v.1.4.0
2025/05/28 (20:00:21) | WARNING: Intel GPU: Failed to initialize PMU

2025/05/29 (10:54:08) | ===> btop++ v.1.4.0
2025/05/29 (10:54:08) | WARNING: Intel GPU: Failed to initialize PMU

2025/05/29 (11:59:11) | ===> btop++ v.1.4.0
2025/05/29 (11:59:11) | WARNING: Intel GPU: Failed to initialize PMU

2025/05/30 (11:43:54) | ===> btop++ v.1.4.0
2025/05/30 (11:43:54) | WARNING: Intel GPU: Failed to initialize PMU

2025/05/30 (12:34:10) | ===> btop++ v.1.4.0
2025/05/30 (12:34:10) | WARNING: Intel GPU: Failed to initialize PMU

2025/05/30 (12:37:09) | ===> btop++ v.1.4.0
2025/05/30 (12:37:09) | WARNING: Intel GPU: Failed to initialize PMU

2025/05/30 (12:40:06) | ===> btop++ v.1.4.0
2025/05/30 (12:40:06) | WARNING: Intel GPU: Failed to initialize PMU

2025/05/30 (14:11:09) | ===> btop++ v.1.4.0
2025/05/30 (14:11:09) | WARNING: Intel GPU: Failed to initialize PMU

2025/05/30 (18:53:39) | ===> btop++ v.1.4.0
2025/05/30 (18:53:39) | WARNING: Intel GPU: Failed to initialize PMU

2025/05/31 (08:30:14) | ===> btop++ v.1.4.0
2025/05/31 (08:30:14) | WARNING: Intel GPU: Failed to initialize PMU

2025/05/31 (09:11:34) | ===> btop++ v.1.4.0
2025/05/31 (09:11:34) | WARNING: No good candidate for cpu sensor found, using random from all found sensors.
2025/05/31 (09:11:34) | WARNING: Intel GPU: Failed to initialize PMU

2025/05/31 (12:49:17) | ===> btop++ v.1.4.0
2025/05/31 (12:49:17) | WARNING: Intel GPU: Failed to initialize PMU
2025/05/31 (12:49:58) | INFO: Logger set to INFO

2025/05/31 (12:51:34) | ===> btop++ v.1.4.0
2025/05/31 (12:51:34) | WARNING: Intel GPU: Failed to initialize PMU

2025/05/31 (16:56:11) | ===> btop++ v.1.4.0
2025/05/31 (16:56:11) | WARNING: Intel GPU: Failed to initialize PMU

2025/06/01 (19:44:08) | ===> btop++ v.1.4.0
2025/06/01 (19:44:08) | WARNING: Intel GPU: Failed to initialize PMU

2025/06/01 (19:44:14) | ===> btop++ v.1.4.0
2025/06/01 (19:44:14) | WARNING: Intel GPU: Failed to initialize PMU
2025/06/01 (19:44:58) | ERROR: Stall in Runner thread, restarting!

2025/06/01 (19:45:28) | ===> btop++ v.1.4.0
2025/06/01 (19:45:28) | WARNING: Intel GPU: Failed to initialize PMU

2025/06/02 (20:05:22) | ===> btop++ v.1.4.0
2025/06/02 (20:05:22) | WARNING: Intel GPU: Failed to initialize PMU

2025/06/02 (20:14:07) | ===> btop++ v.1.4.0
2025/06/02 (20:14:07) | WARNING: Intel GPU: Failed to initialize PMU

2025/06/03 (11:15:52) | ===> btop++ v.1.4.0
2025/06/03 (11:15:52) | WARNING: Intel GPU: Failed to initialize PMU

2025/06/05 (20:21:56) | ===> btop++ v.1.4.0
2025/06/05 (20:21:56) | WARNING: Intel GPU: Failed to initialize PMU

2025/06/05 (20:26:51) | ===> btop++ v.1.4.0
2025/06/05 (20:26:51) | WARNING: Intel GPU: Failed to initialize PMU

2025/06/06 (16:18:13) | ===> btop++ v.1.4.0
2025/06/06 (16:18:13) | WARNING: Intel GPU: Failed to initialize PMU

2025/06/06 (17:43:19) | ===> btop++ v.1.4.0
2025/06/06 (17:43:19) | WARNING: Intel GPU: Failed to initialize PMU

2025/06/06 (18:17:10) | ===> btop++ v.1.4.0
2025/06/06 (18:17:10) | WARNING: Intel GPU: Failed to initialize PMU

2025/06/06 (18:17:48) | ===> btop++ v.1.4.0
2025/06/06 (18:17:48) | WARNING: Intel GPU: Failed to initialize PMU

2025/06/07 (17:04:41) | ===> btop++ v.1.4.0
2025/06/07 (17:04:41) | WARNING: Intel GPU: Failed to initialize PMU

2025/06/08 (19:47:35) | ===> btop++ v.1.4.0
2025/06/08 (19:47:35) | WARNING: Intel GPU: Failed to initialize PMU

2025/06/09 (19:47:32) | ===> btop++ v.1.4.0
2025/06/09 (19:47:32) | WARNING: Intel GPU: Failed to initialize PMU

2025/06/10 (10:32:40) | ===> btop++ v.1.4.0
2025/06/10 (10:32:40) | WARNING: Intel GPU: Failed to initialize PMU

2025/06/10 (10:33:00) | ===> btop++ v.1.4.0
2025/06/10 (10:33:00) | WARNING: Intel GPU: Failed to initialize PMU

2025/06/10 (15:13:31) | ===> btop++ v.1.4.0
2025/06/10 (15:13:31) | WARNING: Intel GPU: Failed to initialize PMU

2025/06/10 (15:13:46) | ===> btop++ v.1.4.0
2025/06/10 (15:13:46) | WARNING: Intel GPU: Failed to initialize PMU

2025/06/10 (15:14:43) | ===> btop++ v.1.4.0
2025/06/10 (15:14:43) | WARNING: Intel GPU: Failed to initialize PMU

2025/06/10 (15:48:50) | ===> btop++ v.1.4.0
2025/06/10 (15:48:50) | WARNING: Intel GPU: Failed to initialize PMU

2025/06/10 (20:02:43) | ===> btop++ v.1.4.0
2025/06/10 (20:02:43) | WARNING: Intel GPU: Failed to initialize PMU

2025/06/10 (20:07:03) | ===> btop++ v.1.4.0
2025/06/10 (20:07:03) | WARNING: Intel GPU: Failed to initialize PMU

2025/06/10 (20:22:11) | ===> btop++ v.1.4.0
2025/06/10 (20:22:11) | WARNING: Intel GPU: Failed to initialize PMU

2025/06/10 (20:24:54) | ===> btop++ v.1.4.0
2025/06/10 (20:24:54) | WARNING: Intel GPU: Failed to initialize PMU

2025/06/11 (10:34:32) | ===> btop++ v.1.4.0
2025/06/11 (10:34:32) | WARNING: Intel GPU: Failed to initialize PMU

2025/06/11 (19:49:06) | ===> btop++ v.1.4.0
2025/06/11 (19:49:06) | WARNING: Intel GPU: Failed to initialize PMU

2025/06/12 (08:48:04) | ===> btop++ v.1.4.0
2025/06/12 (08:48:04) | WARNING: Intel GPU: Failed to initialize PMU
